0 info it worked if it ends with ok
1 verbose cli [ '/usr/local/bin/node',
1 verbose cli   '/usr/local/bin/npm',
1 verbose cli   'install',
1 verbose cli   '-g',
1 verbose cli   'gulp' ]
2 info using npm@2.15.9
3 info using node@v4.5.0
4 verbose install initial load of /usr/local/lib/package.json
5 verbose readDependencies loading dependencies from /usr/local/lib/package.json
6 silly cache add args [ 'gulp', null ]
7 verbose cache add spec gulp
8 silly cache add parsed spec Result {
8 silly cache add   raw: 'gulp',
8 silly cache add   scope: null,
8 silly cache add   name: 'gulp',
8 silly cache add   rawSpec: '',
8 silly cache add   spec: 'latest',
8 silly cache add   type: 'tag' }
9 silly addNamed gulp@latest
10 verbose addNamed "latest" is being treated as a dist-tag for gulp
11 info addNameTag [ 'gulp', 'latest' ]
12 silly mapToRegistry name gulp
13 silly mapToRegistry using default registry
14 silly mapToRegistry registry https://registry.npmjs.org/
15 silly mapToRegistry data Result {
15 silly mapToRegistry   raw: 'gulp',
15 silly mapToRegistry   scope: null,
15 silly mapToRegistry   name: 'gulp',
15 silly mapToRegistry   rawSpec: '',
15 silly mapToRegistry   spec: 'latest',
15 silly mapToRegistry   type: 'tag' }
16 silly mapToRegistry uri https://registry.npmjs.org/gulp
17 verbose addNameTag registry:https://registry.npmjs.org/gulp not in flight; fetching
18 verbose request uri https://registry.npmjs.org/gulp
19 verbose request no auth needed
20 info attempt registry request try #1 at 1:54:24 PM
21 verbose request id e44d8f8a4e31c222
22 verbose etag W/"5853b52c-1ca36"
23 verbose lastModified Fri, 16 Dec 2016 09:34:36 GMT
24 http request GET https://registry.npmjs.org/gulp
25 http 304 https://registry.npmjs.org/gulp
26 verbose headers { date: 'Fri, 16 Dec 2016 21:54:24 GMT',
26 verbose headers   via: '1.1 varnish',
26 verbose headers   'cache-control': 'max-age=300',
26 verbose headers   etag: 'W/"5853b52c-1ca36"',
26 verbose headers   age: '286',
26 verbose headers   connection: 'keep-alive',
26 verbose headers   'x-served-by': 'cache-sea1925-SEA',
26 verbose headers   'x-cache': 'HIT',
26 verbose headers   'x-cache-hits': '13',
26 verbose headers   'x-timer': 'S1481925264.539795,VS0,VE0',
26 verbose headers   vary: 'Accept-Encoding' }
27 silly get cb [ 304,
27 silly get   { date: 'Fri, 16 Dec 2016 21:54:24 GMT',
27 silly get     via: '1.1 varnish',
27 silly get     'cache-control': 'max-age=300',
27 silly get     etag: 'W/"5853b52c-1ca36"',
27 silly get     age: '286',
27 silly get     connection: 'keep-alive',
27 silly get     'x-served-by': 'cache-sea1925-SEA',
27 silly get     'x-cache': 'HIT',
27 silly get     'x-cache-hits': '13',
27 silly get     'x-timer': 'S1481925264.539795,VS0,VE0',
27 silly get     vary: 'Accept-Encoding' } ]
28 verbose etag https://registry.npmjs.org/gulp from cache
29 verbose get saving gulp to /Users/Brandon/.npm/registry.npmjs.org/gulp/.cache.json
30 verbose correctMkdir /Users/Brandon/.npm correctMkdir not in flight; initializing
31 silly addNameTag next cb for gulp with tag latest
32 silly addNamed gulp@3.9.1
33 verbose addNamed "3.9.1" is a plain semver version for gulp
34 silly cache afterAdd gulp@3.9.1
35 verbose afterAdd /Users/Brandon/.npm/gulp/3.9.1/package/package.json not in flight; writing
36 verbose correctMkdir /Users/Brandon/.npm correctMkdir not in flight; initializing
37 verbose afterAdd /Users/Brandon/.npm/gulp/3.9.1/package/package.json written
38 silly install resolved [ { name: 'gulp',
38 silly install resolved     description: 'The streaming build system',
38 silly install resolved     version: '3.9.1',
38 silly install resolved     homepage: 'http://gulpjs.com',
38 silly install resolved     repository: { type: 'git', url: 'git+https://github.com/gulpjs/gulp.git' },
38 silly install resolved     author:
38 silly install resolved      { name: 'Fractal',
38 silly install resolved        email: 'contact@wearefractal.com',
38 silly install resolved        url: 'http://wearefractal.com/' },
38 silly install resolved     tags: [ 'build', 'stream', 'system', 'make', 'tool', 'asset', 'pipeline' ],
38 silly install resolved     files: [ 'index.js', 'lib', 'bin', 'completion', 'gulp.1' ],
38 silly install resolved     bin: { gulp: './bin/gulp.js' },
38 silly install resolved     man: [ 'gulp.1' ],
38 silly install resolved     dependencies:
38 silly install resolved      { archy: '^1.0.0',
38 silly install resolved        chalk: '^1.0.0',
38 silly install resolved        deprecated: '^0.0.1',
38 silly install resolved        'gulp-util': '^3.0.0',
38 silly install resolved        interpret: '^1.0.0',
38 silly install resolved        liftoff: '^2.1.0',
38 silly install resolved        minimist: '^1.1.0',
38 silly install resolved        orchestrator: '^0.3.0',
38 silly install resolved        'pretty-hrtime': '^1.0.0',
38 silly install resolved        semver: '^4.1.0',
38 silly install resolved        tildify: '^1.0.0',
38 silly install resolved        v8flags: '^2.0.2',
38 silly install resolved        'vinyl-fs': '^0.3.0' },
38 silly install resolved     devDependencies:
38 silly install resolved      { coveralls: '^2.7.0',
38 silly install resolved        eslint: '^1.7.3',
38 silly install resolved        'eslint-config-gulp': '^2.0.0',
38 silly install resolved        'graceful-fs': '^3.0.0',
38 silly install resolved        istanbul: '^0.3.0',
38 silly install resolved        jscs: '^2.3.5',
38 silly install resolved        'jscs-preset-gulp': '^1.0.0',
38 silly install resolved        'marked-man': '^0.1.3',
38 silly install resolved        mkdirp: '^0.5.0',
38 silly install resolved        mocha: '^2.0.1',
38 silly install resolved        'mocha-lcov-reporter': '^0.0.1',
38 silly install resolved        q: '^1.0.0',
38 silly install resolved        rimraf: '^2.2.5',
38 silly install resolved        should: '^5.0.1' },
38 silly install resolved     scripts:
38 silly install resolved      { prepublish: 'marked-man --name gulp docs/CLI.md > gulp.1',
38 silly install resolved        lint: 'eslint . && jscs *.js bin/ lib/ test/',
38 silly install resolved        pretest: 'npm run lint',
38 silly install resolved        test: 'mocha --reporter spec',
38 silly install resolved        coveralls: 'istanbul cover _mocha --report lcovonly -- -R spec && cat ./coverage/lcov.info | coveralls && rm -rf ./coverage' },
38 silly install resolved     engines: { node: '>= 0.9' },
38 silly install resolved     license: 'MIT',
38 silly install resolved     gitHead: '9c14e3a13a73a32e424f144d62566671b2fcdbed',
38 silly install resolved     bugs: { url: 'https://github.com/gulpjs/gulp/issues' },
38 silly install resolved     _id: 'gulp@3.9.1',
38 silly install resolved     _shasum: '571ce45928dd40af6514fc4011866016c13845b4',
38 silly install resolved     _from: 'gulp@latest',
38 silly install resolved     _npmVersion: '2.14.14',
38 silly install resolved     _nodeVersion: '0.10.41',
38 silly install resolved     _npmUser: { name: 'phated', email: 'blaine@iceddev.com' },
38 silly install resolved     maintainers: [ [Object], [Object] ],
38 silly install resolved     dist:
38 silly install resolved      { shasum: '571ce45928dd40af6514fc4011866016c13845b4',
38 silly install resolved        tarball: 'https://registry.npmjs.org/gulp/-/gulp-3.9.1.tgz' },
38 silly install resolved     _npmOperationalInternal:
38 silly install resolved      { host: 'packages-6-west.internal.npmjs.com',
38 silly install resolved        tmp: 'tmp/gulp-3.9.1.tgz_1454957415500_0.15343931876122952' },
38 silly install resolved     directories: {},
38 silly install resolved     _resolved: 'https://registry.npmjs.org/gulp/-/gulp-3.9.1.tgz',
38 silly install resolved     readme: 'ERROR: No README data found!' } ]
39 info install gulp@3.9.1 into /usr/local/lib
40 info installOne gulp@3.9.1
41 verbose installOne of gulp to /usr/local/lib not in flight; installing
42 verbose correctMkdir /Users/Brandon/.npm/_locks correctMkdir not in flight; initializing
43 verbose lock using /Users/Brandon/.npm/_locks/gulp-709d00e5d169ceb3.lock for /usr/local/lib/node_modules/gulp
44 silly install write writing gulp 3.9.1 to /usr/local/lib/node_modules/gulp
45 verbose unbuild lib/node_modules/gulp
46 silly gentlyRm /usr/local/lib/node_modules/gulp is being purged from base /usr/local
47 verbose gentlyRm don't care about contents; nuking /usr/local/lib/node_modules/gulp
48 verbose tar unpack /Users/Brandon/.npm/gulp/3.9.1/package.tgz
49 verbose tar unpacking to /usr/local/lib/node_modules/gulp
50 silly gentlyRm /usr/local/lib/node_modules/gulp is being purged
51 verbose gentlyRm don't care about contents; nuking /usr/local/lib/node_modules/gulp
52 silly gunzTarPerm modes [ '755', '644' ]
53 error tar.unpack untar error /Users/Brandon/.npm/gulp/3.9.1/package.tgz
54 verbose unlock done using /Users/Brandon/.npm/_locks/gulp-709d00e5d169ceb3.lock for /usr/local/lib/node_modules/gulp
55 verbose fstream_path /usr/local/lib/node_modules/gulp
56 verbose fstream_type Directory
57 verbose fstream_class DirWriter
58 verbose stack Error: EACCES: permission denied, mkdir '/usr/local/lib/node_modules/gulp'
58 verbose stack     at Error (native)
59 verbose fstream_stack /usr/local/lib/node_modules/npm/node_modules/fstream/lib/dir-writer.js:35:25
59 verbose fstream_stack /usr/local/lib/node_modules/npm/node_modules/mkdirp/index.js:47:53
59 verbose fstream_stack FSReqWrap.oncomplete (fs.js:82:15)
60 verbose cwd /Users/Brandon/Desktop/hack-hour-11
61 error Darwin 16.1.0
62 error argv "/usr/local/bin/node" "/usr/local/bin/npm" "install" "-g" "gulp"
63 error node v4.5.0
64 error npm  v2.15.9
65 error path /usr/local/lib/node_modules/gulp
66 error code EACCES
67 error errno -13
68 error syscall mkdir
69 error Error: EACCES: permission denied, mkdir '/usr/local/lib/node_modules/gulp'
69 error     at Error (native)
69 error  { [Error: EACCES: permission denied, mkdir '/usr/local/lib/node_modules/gulp']
69 error   errno: -13,
69 error   code: 'EACCES',
69 error   syscall: 'mkdir',
69 error   path: '/usr/local/lib/node_modules/gulp',
69 error   fstream_type: 'Directory',
69 error   fstream_path: '/usr/local/lib/node_modules/gulp',
69 error   fstream_class: 'DirWriter',
69 error   fstream_stack:
69 error    [ '/usr/local/lib/node_modules/npm/node_modules/fstream/lib/dir-writer.js:35:25',
69 error      '/usr/local/lib/node_modules/npm/node_modules/mkdirp/index.js:47:53',
69 error      'FSReqWrap.oncomplete (fs.js:82:15)' ] }
70 error Please try running this command again as root/Administrator.
71 verbose exit [ -13, true ]
72 verbose unbuild lib/node_modules/gulp
73 silly gentlyRm /usr/local/lib/node_modules/gulp is being purged from base /usr/local
74 verbose gentlyRm don't care about contents; nuking /usr/local/lib/node_modules/gulp
